<?xml version="1.0" encoding="UTF-8"?>
<!-- Generated by org.testng.reporters.JUnitXMLReporter -->
<testsuite hostname="NghiaNguyen-PC" name="System test" tests="12" failures="5" timestamp="14 Jul 2020 07:20:37 GMT" time="97.334" errors="0">
  <testcase name="verify_HomePageTitle" time="0.018" classname="TestScripts.HomeTest"/>
  <testcase name="verify_ProdDetailCaption" time="0.128" classname="TestScripts.ProductDetailTest"/>
  <testcase name="verify_CheckOutCaption" time="0.126" classname="TestScripts.Checkout.CheckOutTest"/>
  <testcase name="verify_SubmitSuccessfully_AllofFields" time="2.5" classname="TestScripts.Checkout.CheckOutSuccessful_AllFields"/>
  <testcase name="verify_SubmitSuccessfully_AllofFields" time="1.727" classname="TestScripts.Checkout.CheckOutSuccessful_OnlyReruiredFields"/>
  <testcase name="verify_ProductName" time="0.138" classname="TestScripts.ProductDetailTest"/>
  <testcase name="verify_ProductPrice" time="0.127" classname="TestScripts.ProductDetailTest">
    <failure type="java.lang.AssertionError" message="Product price is not equal with selected one expected [$66] but found [$ 59.6]">
      <![CDATA[java.lang.AssertionError: Product price is not equal with selected one expected [$66] but found [$ 59.6]
	at TestScripts.ProductDetailTest.verify_ProductPrice(ProductDetailTest.java:38)
... Removed 28 stack frames]]>
    </failure>
  </testcase> <!-- verify_ProductPrice -->
  <testcase name="verify_ProductRating" time="0.022" classname="TestScripts.ProductDetailTest">
    <failure type="java.lang.AssertionError" message="Product rating is not equal with selected one expected [3] but found [6]">
      <![CDATA[java.lang.AssertionError: Product rating is not equal with selected one expected [3] but found [6]
	at TestScripts.ProductDetailTest.verify_ProductRating(ProductDetailTest.java:43)
... Removed 28 stack frames]]>
    </failure>
  </testcase> <!-- verify_ProductRating -->
  <testcase name="verify_ProductReview" time="0.12" classname="TestScripts.ProductDetailTest">
    <failure type="java.lang.AssertionError" message="Product review is not equal with selected one expected [12 reviews] but found [22 reviews]">
      <![CDATA[java.lang.AssertionError: Product review is not equal with selected one expected [12 reviews] but found [22 reviews]
	at TestScripts.ProductDetailTest.verify_ProductReview(ProductDetailTest.java:48)
... Removed 28 stack frames]]>
    </failure>
  </testcase> <!-- verify_ProductReview -->
  <testcase name="verify_ErrorMsg_WithoutRequiredFields" time="5.082" classname="TestScripts.Checkout.CheckOutTest"/>
  <testcase name="verify_ProductInforBeforeSubmit" time="0.109" classname="TestScripts.Checkout.CheckOutTest">
    <failure type="java.lang.AssertionError" message="Product name is different selected one expected [Product 1] but found [Product]">
      <![CDATA[java.lang.AssertionError: Product name is different selected one expected [Product 1] but found [Product]
	at TestScripts.Checkout.CheckOutTest.verify_ProductInforBeforeSubmit(CheckOutTest.java:80)
... Removed 28 stack frames]]>
    </failure>
  </testcase> <!-- verify_ProductInforBeforeSubmit -->
  <testcase name="verify_CustomerInfor" time="2.483" classname="TestScripts.InformationTest">
    <failure type="java.lang.AssertionError" message="Note is not the same expected [Test 2020] but found []">
      <![CDATA[java.lang.AssertionError: Note is not the same expected [Test 2020] but found []
	at TestScripts.InformationTest.verify_CustomerInfor(InformationTest.java:47)
... Removed 28 stack frames]]>
    </failure>
  </testcase> <!-- verify_CustomerInfor -->
</testsuite> <!-- System test -->
