<!DOCTYPE html PUBLIC "-//W3C//DTD XHTML 1.1//EN" "http://www.w3.org/TR/xhtml11/DTD/xhtml11.dtd">
<html xmlns="http://www.w3.org/1999/xhtml"><head><title>TestNG Report</title><style type="text/css">table {margin-bottom:10px;border-collapse:collapse;empty-cells:show}th,td {border:1px solid #009;padding:.25em .5em}th {vertical-align:bottom}td {vertical-align:top}table a {font-weight:bold}.stripe td {background-color: #E6EBF9}.num {text-align:right}.passedodd td {background-color: #3F3}.passedeven td {background-color: #0A0}.skippedodd td {background-color: #DDD}.skippedeven td {background-color: #CCC}.failedodd td,.attn {background-color: #F33}.failedeven td,.stripe .attn {background-color: #D00}.stacktrace {white-space:pre;font-family:monospace}.totop {font-size:85%;text-align:center;border-bottom:2px solid #000}</style></head><body><table><tr><th>Test</th><th># Passed</th><th># Skipped</th><th># Failed</th><th>Time (ms)</th><th>Included Groups</th><th>Excluded Groups</th></tr><tr><th colspan="7">Par suite</th></tr><tr><td><a href="#t0">System test</a></td><td class="num">7</td><td class="num">0</td><td class="num attn">5</td><td class="num">97,334</td><td></td><td></td></tr></table><table><thead><tr><th>Class</th><th>Method</th><th>Start</th><th>Time (ms)</th></tr></thead><tbody><tr><th colspan="4">Par suite</th></tr></tbody><tbody id="t0"><tr><th colspan="4">System test &#8212; failed</th></tr><tr class="failedeven"><td rowspan="1">TestScripts.Checkout.CheckOutTest</td><td><a href="#m0">verify_ProductInforBeforeSubmit</a></td><td rowspan="1">1594711215768</td><td rowspan="1">109</td></tr><tr class="failedodd"><td rowspan="1">TestScripts.InformationTest</td><td><a href="#m1">verify_CustomerInfor</a></td><td rowspan="1">1594711228926</td><td rowspan="1">2483</td></tr><tr class="failedeven"><td rowspan="3">TestScripts.ProductDetailTest</td><td><a href="#m2">verify_ProductPrice</a></td><td rowspan="1">1594711206907</td><td rowspan="1">127</td></tr><tr class="failedeven"><td><a href="#m3">verify_ProductRating</a></td><td rowspan="1">1594711207035</td><td rowspan="1">22</td></tr><tr class="failedeven"><td><a href="#m4">verify_ProductReview</a></td><td rowspan="1">1594711207058</td><td rowspan="1">120</td></tr><tr><th colspan="4">System test &#8212; passed</th></tr><tr class="passedeven"><td rowspan="1">TestScripts.Checkout.CheckOutSuccessful_AllFields</td><td><a href="#m5">verify_SubmitSuccessfully_AllofFields</a></td><td rowspan="1">1594711183538</td><td rowspan="1">2500</td></tr><tr class="passedodd"><td rowspan="1">TestScripts.Checkout.CheckOutSuccessful_OnlyReruiredFields</td><td><a href="#m6">verify_SubmitSuccessfully_AllofFields</a></td><td rowspan="1">1594711201187</td><td rowspan="1">1727</td></tr><tr class="passedeven"><td rowspan="2">TestScripts.Checkout.CheckOutTest</td><td><a href="#m7">verify_CheckOutCaption</a></td><td rowspan="1">1594711172689</td><td rowspan="1">126</td></tr><tr class="passedeven"><td><a href="#m8">verify_ErrorMsg_WithoutRequiredFields</a></td><td rowspan="1">1594711210684</td><td rowspan="1">5082</td></tr><tr class="passedodd"><td rowspan="1">TestScripts.HomeTest</td><td><a href="#m9">verify_HomePageTitle</a></td><td rowspan="1">1594711148990</td><td rowspan="1">18</td></tr><tr class="passedeven"><td rowspan="2">TestScripts.ProductDetailTest</td><td><a href="#m10">verify_ProdDetailCaption</a></td><td rowspan="1">1594711161616</td><td rowspan="1">128</td></tr><tr class="passedeven"><td><a href="#m11">verify_ProductName</a></td><td rowspan="1">1594711206768</td><td rowspan="1">138</td></tr></tbody></table><h2>System test</h2><h3 id="m0">TestScripts.Checkout.CheckOutTest#verify_ProductInforBeforeSubmit</h3><table class="result"><tr><th>Exception</th></tr><tr><td><div class="stacktrace">java.lang.AssertionError: Product name is different selected one expected [Product 1] but found [Product]
	at TestScripts.Checkout.CheckOutTest.verify_ProductInforBeforeSubmit(CheckOutTest.java:80)
... Removed 28 stack frames</div></td></tr></table><p class="totop"><a href="#summary">back to summary</a></p><h3 id="m1">TestScripts.InformationTest#verify_CustomerInfor</h3><table class="result"><tr><th>Exception</th></tr><tr><td><div class="stacktrace">java.lang.AssertionError: Note is not the same expected [Test 2020] but found []
	at TestScripts.InformationTest.verify_CustomerInfor(InformationTest.java:47)
... Removed 28 stack frames</div></td></tr></table><p class="totop"><a href="#summary">back to summary</a></p><h3 id="m2">TestScripts.ProductDetailTest#verify_ProductPrice</h3><table class="result"><tr><th>Exception</th></tr><tr><td><div class="stacktrace">java.lang.AssertionError: Product price is not equal with selected one expected [$66] but found [$ 59.6]
	at TestScripts.ProductDetailTest.verify_ProductPrice(ProductDetailTest.java:38)
... Removed 28 stack frames</div></td></tr></table><p class="totop"><a href="#summary">back to summary</a></p><h3 id="m3">TestScripts.ProductDetailTest#verify_ProductRating</h3><table class="result"><tr><th>Exception</th></tr><tr><td><div class="stacktrace">java.lang.AssertionError: Product rating is not equal with selected one expected [3] but found [6]
	at TestScripts.ProductDetailTest.verify_ProductRating(ProductDetailTest.java:43)
... Removed 28 stack frames</div></td></tr></table><p class="totop"><a href="#summary">back to summary</a></p><h3 id="m4">TestScripts.ProductDetailTest#verify_ProductReview</h3><table class="result"><tr><th>Exception</th></tr><tr><td><div class="stacktrace">java.lang.AssertionError: Product review is not equal with selected one expected [12 reviews] but found [22 reviews]
	at TestScripts.ProductDetailTest.verify_ProductReview(ProductDetailTest.java:48)
... Removed 28 stack frames</div></td></tr></table><p class="totop"><a href="#summary">back to summary</a></p><h3 id="m5">TestScripts.Checkout.CheckOutSuccessful_AllFields#verify_SubmitSuccessfully_AllofFields</h3><table class="result"></table><p class="totop"><a href="#summary">back to summary</a></p><h3 id="m6">TestScripts.Checkout.CheckOutSuccessful_OnlyReruiredFields#verify_SubmitSuccessfully_AllofFields</h3><table class="result"></table><p class="totop"><a href="#summary">back to summary</a></p><h3 id="m7">TestScripts.Checkout.CheckOutTest#verify_CheckOutCaption</h3><table class="result"></table><p class="totop"><a href="#summary">back to summary</a></p><h3 id="m8">TestScripts.Checkout.CheckOutTest#verify_ErrorMsg_WithoutRequiredFields</h3><table class="result"></table><p class="totop"><a href="#summary">back to summary</a></p><h3 id="m9">TestScripts.HomeTest#verify_HomePageTitle</h3><table class="result"></table><p class="totop"><a href="#summary">back to summary</a></p><h3 id="m10">TestScripts.ProductDetailTest#verify_ProdDetailCaption</h3><table class="result"></table><p class="totop"><a href="#summary">back to summary</a></p><h3 id="m11">TestScripts.ProductDetailTest#verify_ProductName</h3><table class="result"></table><p class="totop"><a href="#summary">back to summary</a></p></body></html>